	.file	"hello-world.cpp"
	.text
.Ltext0:
	.section	.rodata
.LC0:
	.string	"Hello world"
	.text
	.globl	main
	.type	main, @function
main:
.LFB0:
	.file 1 "hello-world.cpp"
	.loc 1 2 11
	.cfi_startproc
	endbr64
	pushq	%rbp
	.cfi_def_cfa_offset 16
	.cfi_offset 6, -16
	movq	%rsp, %rbp
	.cfi_def_cfa_register 6
	.loc 1 3 11
	leaq	.LC0(%rip), %rdi
	call	puts@PLT
	.loc 1 4 12
	movl	$0, %eax
	.loc 1 5 1
	popq	%rbp
	.cfi_def_cfa 7, 8
	ret
	.cfi_endproc
.LFE0:
	.size	main, .-main
.Letext0:
	.file 2 "/usr/include/c++/9/cstdio"
	.file 3 "/usr/include/x86_64-linux-gnu/c++/9/bits/c++config.h"
	.file 4 "<built-in>"
	.file 5 "/usr/lib/gcc/x86_64-linux-gnu/9/include/stddef.h"
	.file 6 "/usr/include/x86_64-linux-gnu/bits/types.h"
	.file 7 "/usr/include/x86_64-linux-gnu/bits/types/__mbstate_t.h"
	.file 8 "/usr/include/x86_64-linux-gnu/bits/types/__fpos_t.h"
	.file 9 "/usr/include/x86_64-linux-gnu/bits/types/struct_FILE.h"
	.file 10 "/usr/include/x86_64-linux-gnu/bits/types/FILE.h"
	.file 11 "/usr/include/stdio.h"
	.file 12 "/usr/include/x86_64-linux-gnu/bits/sys_errlist.h"
	.section	.debug_info,"",@progbits
.Ldebug_info0:
	.long	0x8a2
	.value	0x4
	.long	.Ldebug_abbrev0
	.byte	0x8
	.uleb128 0x1
	.long	.LASF98
	.byte	0x4
	.long	.LASF99
	.long	.LASF100
	.quad	.Ltext0
	.quad	.Letext0-.Ltext0
	.long	.Ldebug_line0
	.uleb128 0x2
	.string	"std"
	.byte	0x4
	.byte	0
	.long	0x153
	.uleb128 0x3
	.long	.LASF0
	.byte	0x3
	.value	0x114
	.byte	0x41
	.uleb128 0x4
	.byte	0x3
	.value	0x114
	.byte	0x41
	.long	0x38
	.uleb128 0x5
	.byte	0x2
	.byte	0x62
	.byte	0xb
	.long	0x469
	.uleb128 0x5
	.byte	0x2
	.byte	0x63
	.byte	0xb
	.long	0x4d5
	.uleb128 0x5
	.byte	0x2
	.byte	0x65
	.byte	0xb
	.long	0x54b
	.uleb128 0x5
	.byte	0x2
	.byte	0x66
	.byte	0xb
	.long	0x55e
	.uleb128 0x5
	.byte	0x2
	.byte	0x67
	.byte	0xb
	.long	0x574
	.uleb128 0x5
	.byte	0x2
	.byte	0x68
	.byte	0xb
	.long	0x58b
	.uleb128 0x5
	.byte	0x2
	.byte	0x69
	.byte	0xb
	.long	0x5a2
	.uleb128 0x5
	.byte	0x2
	.byte	0x6a
	.byte	0xb
	.long	0x5b8
	.uleb128 0x5
	.byte	0x2
	.byte	0x6b
	.byte	0xb
	.long	0x5cf
	.uleb128 0x5
	.byte	0x2
	.byte	0x6c
	.byte	0xb
	.long	0x5f1
	.uleb128 0x5
	.byte	0x2
	.byte	0x6d
	.byte	0xb
	.long	0x612
	.uleb128 0x5
	.byte	0x2
	.byte	0x71
	.byte	0xb
	.long	0x62d
	.uleb128 0x5
	.byte	0x2
	.byte	0x72
	.byte	0xb
	.long	0x653
	.uleb128 0x5
	.byte	0x2
	.byte	0x74
	.byte	0xb
	.long	0x673
	.uleb128 0x5
	.byte	0x2
	.byte	0x75
	.byte	0xb
	.long	0x694
	.uleb128 0x5
	.byte	0x2
	.byte	0x76
	.byte	0xb
	.long	0x6b6
	.uleb128 0x5
	.byte	0x2
	.byte	0x78
	.byte	0xb
	.long	0x6cd
	.uleb128 0x5
	.byte	0x2
	.byte	0x79
	.byte	0xb
	.long	0x6e4
	.uleb128 0x5
	.byte	0x2
	.byte	0x7c
	.byte	0xb
	.long	0x6f1
	.uleb128 0x5
	.byte	0x2
	.byte	0x7e
	.byte	0xb
	.long	0x708
	.uleb128 0x5
	.byte	0x2
	.byte	0x83
	.byte	0xb
	.long	0x71b
	.uleb128 0x5
	.byte	0x2
	.byte	0x84
	.byte	0xb
	.long	0x731
	.uleb128 0x5
	.byte	0x2
	.byte	0x85
	.byte	0xb
	.long	0x74c
	.uleb128 0x5
	.byte	0x2
	.byte	0x87
	.byte	0xb
	.long	0x75f
	.uleb128 0x5
	.byte	0x2
	.byte	0x88
	.byte	0xb
	.long	0x777
	.uleb128 0x5
	.byte	0x2
	.byte	0x8b
	.byte	0xb
	.long	0x79d
	.uleb128 0x5
	.byte	0x2
	.byte	0x8d
	.byte	0xb
	.long	0x7a9
	.uleb128 0x5
	.byte	0x2
	.byte	0x8f
	.byte	0xb
	.long	0x7bf
	.uleb128 0x5
	.byte	0x2
	.byte	0xb9
	.byte	0x16
	.long	0x7db
	.uleb128 0x5
	.byte	0x2
	.byte	0xba
	.byte	0x16
	.long	0x7fd
	.uleb128 0x5
	.byte	0x2
	.byte	0xbb
	.byte	0x16
	.long	0x824
	.uleb128 0x5
	.byte	0x2
	.byte	0xbc
	.byte	0x16
	.long	0x840
	.uleb128 0x5
	.byte	0x2
	.byte	0xbd
	.byte	0x16
	.long	0x866
	.byte	0
	.uleb128 0x6
	.long	.LASF101
	.byte	0x3
	.value	0x116
	.byte	0xb
	.long	0x19b
	.uleb128 0x3
	.long	.LASF0
	.byte	0x3
	.value	0x118
	.byte	0x41
	.uleb128 0x4
	.byte	0x3
	.value	0x118
	.byte	0x41
	.long	0x160
	.uleb128 0x5
	.byte	0x2
	.byte	0xaf
	.byte	0xb
	.long	0x7db
	.uleb128 0x5
	.byte	0x2
	.byte	0xb0
	.byte	0xb
	.long	0x7fd
	.uleb128 0x5
	.byte	0x2
	.byte	0xb1
	.byte	0xb
	.long	0x824
	.uleb128 0x5
	.byte	0x2
	.byte	0xb2
	.byte	0xb
	.long	0x840
	.uleb128 0x5
	.byte	0x2
	.byte	0xb3
	.byte	0xb
	.long	0x866
	.byte	0
	.uleb128 0x7
	.long	.LASF12
	.byte	0x5
	.byte	0xd1
	.byte	0x17
	.long	0x1a7
	.uleb128 0x8
	.byte	0x8
	.byte	0x7
	.long	.LASF5
	.uleb128 0x9
	.long	.LASF102
	.byte	0x18
	.byte	0x4
	.byte	0
	.long	0x1eb
	.uleb128 0xa
	.long	.LASF1
	.byte	0x4
	.byte	0
	.long	0x1eb
	.byte	0
	.uleb128 0xa
	.long	.LASF2
	.byte	0x4
	.byte	0
	.long	0x1eb
	.byte	0x4
	.uleb128 0xa
	.long	.LASF3
	.byte	0x4
	.byte	0
	.long	0x1f2
	.byte	0x8
	.uleb128 0xa
	.long	.LASF4
	.byte	0x4
	.byte	0
	.long	0x1f2
	.byte	0x10
	.byte	0
	.uleb128 0x8
	.byte	0x4
	.byte	0x7
	.long	.LASF6
	.uleb128 0xb
	.byte	0x8
	.uleb128 0x8
	.byte	0x1
	.byte	0x8
	.long	.LASF7
	.uleb128 0x8
	.byte	0x2
	.byte	0x7
	.long	.LASF8
	.uleb128 0x8
	.byte	0x1
	.byte	0x6
	.long	.LASF9
	.uleb128 0x8
	.byte	0x2
	.byte	0x5
	.long	.LASF10
	.uleb128 0xc
	.byte	0x4
	.byte	0x5
	.string	"int"
	.uleb128 0x8
	.byte	0x8
	.byte	0x5
	.long	.LASF11
	.uleb128 0x7
	.long	.LASF13
	.byte	0x6
	.byte	0x98
	.byte	0x19
	.long	0x217
	.uleb128 0x7
	.long	.LASF14
	.byte	0x6
	.byte	0x99
	.byte	0x1b
	.long	0x217
	.uleb128 0xd
	.byte	0x8
	.long	0x23c
	.uleb128 0x8
	.byte	0x1
	.byte	0x6
	.long	.LASF15
	.uleb128 0xe
	.long	0x23c
	.uleb128 0xf
	.byte	0x8
	.byte	0x7
	.byte	0xe
	.byte	0x1
	.long	.LASF103
	.long	0x292
	.uleb128 0x10
	.byte	0x4
	.byte	0x7
	.byte	0x11
	.byte	0x3
	.long	0x277
	.uleb128 0x11
	.long	.LASF16
	.byte	0x7
	.byte	0x12
	.byte	0x13
	.long	0x1eb
	.uleb128 0x11
	.long	.LASF17
	.byte	0x7
	.byte	0x13
	.byte	0xa
	.long	0x292
	.byte	0
	.uleb128 0x12
	.long	.LASF18
	.byte	0x7
	.byte	0xf
	.byte	0x7
	.long	0x210
	.byte	0
	.uleb128 0x12
	.long	.LASF19
	.byte	0x7
	.byte	0x14
	.byte	0x5
	.long	0x255
	.byte	0x4
	.byte	0
	.uleb128 0x13
	.long	0x23c
	.long	0x2a2
	.uleb128 0x14
	.long	0x1a7
	.byte	0x3
	.byte	0
	.uleb128 0x7
	.long	.LASF20
	.byte	0x7
	.byte	0x15
	.byte	0x3
	.long	0x248
	.uleb128 0x15
	.long	.LASF24
	.byte	0x10
	.byte	0x8
	.byte	0xa
	.byte	0x10
	.long	0x2d6
	.uleb128 0x12
	.long	.LASF21
	.byte	0x8
	.byte	0xc
	.byte	0xb
	.long	0x21e
	.byte	0
	.uleb128 0x12
	.long	.LASF22
	.byte	0x8
	.byte	0xd
	.byte	0xf
	.long	0x2a2
	.byte	0x8
	.byte	0
	.uleb128 0x7
	.long	.LASF23
	.byte	0x8
	.byte	0xe
	.byte	0x3
	.long	0x2ae
	.uleb128 0x15
	.long	.LASF25
	.byte	0xd8
	.byte	0x9
	.byte	0x31
	.byte	0x8
	.long	0x469
	.uleb128 0x12
	.long	.LASF26
	.byte	0x9
	.byte	0x33
	.byte	0x7
	.long	0x210
	.byte	0
	.uleb128 0x12
	.long	.LASF27
	.byte	0x9
	.byte	0x36
	.byte	0x9
	.long	0x236
	.byte	0x8
	.uleb128 0x12
	.long	.LASF28
	.byte	0x9
	.byte	0x37
	.byte	0x9
	.long	0x236
	.byte	0x10
	.uleb128 0x12
	.long	.LASF29
	.byte	0x9
	.byte	0x38
	.byte	0x9
	.long	0x236
	.byte	0x18
	.uleb128 0x12
	.long	.LASF30
	.byte	0x9
	.byte	0x39
	.byte	0x9
	.long	0x236
	.byte	0x20
	.uleb128 0x12
	.long	.LASF31
	.byte	0x9
	.byte	0x3a
	.byte	0x9
	.long	0x236
	.byte	0x28
	.uleb128 0x12
	.long	.LASF32
	.byte	0x9
	.byte	0x3b
	.byte	0x9
	.long	0x236
	.byte	0x30
	.uleb128 0x12
	.long	.LASF33
	.byte	0x9
	.byte	0x3c
	.byte	0x9
	.long	0x236
	.byte	0x38
	.uleb128 0x12
	.long	.LASF34
	.byte	0x9
	.byte	0x3d
	.byte	0x9
	.long	0x236
	.byte	0x40
	.uleb128 0x12
	.long	.LASF35
	.byte	0x9
	.byte	0x40
	.byte	0x9
	.long	0x236
	.byte	0x48
	.uleb128 0x12
	.long	.LASF36
	.byte	0x9
	.byte	0x41
	.byte	0x9
	.long	0x236
	.byte	0x50
	.uleb128 0x12
	.long	.LASF37
	.byte	0x9
	.byte	0x42
	.byte	0x9
	.long	0x236
	.byte	0x58
	.uleb128 0x12
	.long	.LASF38
	.byte	0x9
	.byte	0x44
	.byte	0x16
	.long	0x482
	.byte	0x60
	.uleb128 0x12
	.long	.LASF39
	.byte	0x9
	.byte	0x46
	.byte	0x14
	.long	0x488
	.byte	0x68
	.uleb128 0x12
	.long	.LASF40
	.byte	0x9
	.byte	0x48
	.byte	0x7
	.long	0x210
	.byte	0x70
	.uleb128 0x12
	.long	.LASF41
	.byte	0x9
	.byte	0x49
	.byte	0x7
	.long	0x210
	.byte	0x74
	.uleb128 0x12
	.long	.LASF42
	.byte	0x9
	.byte	0x4a
	.byte	0xb
	.long	0x21e
	.byte	0x78
	.uleb128 0x12
	.long	.LASF43
	.byte	0x9
	.byte	0x4d
	.byte	0x12
	.long	0x1fb
	.byte	0x80
	.uleb128 0x12
	.long	.LASF44
	.byte	0x9
	.byte	0x4e
	.byte	0xf
	.long	0x202
	.byte	0x82
	.uleb128 0x12
	.long	.LASF45
	.byte	0x9
	.byte	0x4f
	.byte	0x8
	.long	0x48e
	.byte	0x83
	.uleb128 0x12
	.long	.LASF46
	.byte	0x9
	.byte	0x51
	.byte	0xf
	.long	0x49e
	.byte	0x88
	.uleb128 0x12
	.long	.LASF47
	.byte	0x9
	.byte	0x59
	.byte	0xd
	.long	0x22a
	.byte	0x90
	.uleb128 0x12
	.long	.LASF48
	.byte	0x9
	.byte	0x5b
	.byte	0x17
	.long	0x4a9
	.byte	0x98
	.uleb128 0x12
	.long	.LASF49
	.byte	0x9
	.byte	0x5c
	.byte	0x19
	.long	0x4b4
	.byte	0xa0
	.uleb128 0x12
	.long	.LASF50
	.byte	0x9
	.byte	0x5d
	.byte	0x14
	.long	0x488
	.byte	0xa8
	.uleb128 0x12
	.long	.LASF51
	.byte	0x9
	.byte	0x5e
	.byte	0x9
	.long	0x1f2
	.byte	0xb0
	.uleb128 0x12
	.long	.LASF52
	.byte	0x9
	.byte	0x5f
	.byte	0xa
	.long	0x19b
	.byte	0xb8
	.uleb128 0x12
	.long	.LASF53
	.byte	0x9
	.byte	0x60
	.byte	0x7
	.long	0x210
	.byte	0xc0
	.uleb128 0x12
	.long	.LASF54
	.byte	0x9
	.byte	0x62
	.byte	0x8
	.long	0x4ba
	.byte	0xc4
	.byte	0
	.uleb128 0x7
	.long	.LASF55
	.byte	0xa
	.byte	0x7
	.byte	0x19
	.long	0x2e2
	.uleb128 0x16
	.long	.LASF104
	.byte	0x9
	.byte	0x2b
	.byte	0xe
	.uleb128 0x17
	.long	.LASF56
	.uleb128 0xd
	.byte	0x8
	.long	0x47d
	.uleb128 0xd
	.byte	0x8
	.long	0x2e2
	.uleb128 0x13
	.long	0x23c
	.long	0x49e
	.uleb128 0x14
	.long	0x1a7
	.byte	0
	.byte	0
	.uleb128 0xd
	.byte	0x8
	.long	0x475
	.uleb128 0x17
	.long	.LASF57
	.uleb128 0xd
	.byte	0x8
	.long	0x4a4
	.uleb128 0x17
	.long	.LASF58
	.uleb128 0xd
	.byte	0x8
	.long	0x4af
	.uleb128 0x13
	.long	0x23c
	.long	0x4ca
	.uleb128 0x14
	.long	0x1a7
	.byte	0x13
	.byte	0
	.uleb128 0xd
	.byte	0x8
	.long	0x243
	.uleb128 0xe
	.long	0x4ca
	.uleb128 0x7
	.long	.LASF59
	.byte	0xb
	.byte	0x54
	.byte	0x12
	.long	0x2d6
	.uleb128 0xe
	.long	0x4d5
	.uleb128 0x18
	.long	.LASF60
	.byte	0xb
	.byte	0x89
	.byte	0xe
	.long	0x4f2
	.uleb128 0xd
	.byte	0x8
	.long	0x469
	.uleb128 0x18
	.long	.LASF61
	.byte	0xb
	.byte	0x8a
	.byte	0xe
	.long	0x4f2
	.uleb128 0x18
	.long	.LASF62
	.byte	0xb
	.byte	0x8b
	.byte	0xe
	.long	0x4f2
	.uleb128 0x18
	.long	.LASF63
	.byte	0xc
	.byte	0x1a
	.byte	0xc
	.long	0x210
	.uleb128 0x13
	.long	0x4d0
	.long	0x527
	.uleb128 0x19
	.byte	0
	.uleb128 0x18
	.long	.LASF64
	.byte	0xc
	.byte	0x1b
	.byte	0x1a
	.long	0x51c
	.uleb128 0x18
	.long	.LASF65
	.byte	0xc
	.byte	0x1e
	.byte	0xc
	.long	0x210
	.uleb128 0x18
	.long	.LASF66
	.byte	0xc
	.byte	0x1f
	.byte	0x1a
	.long	0x51c
	.uleb128 0x1a
	.long	.LASF82
	.byte	0xb
	.value	0x2f5
	.byte	0xd
	.long	0x55e
	.uleb128 0x1b
	.long	0x4f2
	.byte	0
	.uleb128 0x1c
	.long	.LASF67
	.byte	0xb
	.byte	0xd5
	.byte	0xc
	.long	0x210
	.long	0x574
	.uleb128 0x1b
	.long	0x4f2
	.byte	0
	.uleb128 0x1d
	.long	.LASF68
	.byte	0xb
	.value	0x2f7
	.byte	0xc
	.long	0x210
	.long	0x58b
	.uleb128 0x1b
	.long	0x4f2
	.byte	0
	.uleb128 0x1d
	.long	.LASF69
	.byte	0xb
	.value	0x2f9
	.byte	0xc
	.long	0x210
	.long	0x5a2
	.uleb128 0x1b
	.long	0x4f2
	.byte	0
	.uleb128 0x1c
	.long	.LASF70
	.byte	0xb
	.byte	0xda
	.byte	0xc
	.long	0x210
	.long	0x5b8
	.uleb128 0x1b
	.long	0x4f2
	.byte	0
	.uleb128 0x1d
	.long	.LASF71
	.byte	0xb
	.value	0x1e5
	.byte	0xc
	.long	0x210
	.long	0x5cf
	.uleb128 0x1b
	.long	0x4f2
	.byte	0
	.uleb128 0x1d
	.long	.LASF72
	.byte	0xb
	.value	0x2db
	.byte	0xc
	.long	0x210
	.long	0x5eb
	.uleb128 0x1b
	.long	0x4f2
	.uleb128 0x1b
	.long	0x5eb
	.byte	0
	.uleb128 0xd
	.byte	0x8
	.long	0x4d5
	.uleb128 0x1d
	.long	.LASF73
	.byte	0xb
	.value	0x234
	.byte	0xe
	.long	0x236
	.long	0x612
	.uleb128 0x1b
	.long	0x236
	.uleb128 0x1b
	.long	0x210
	.uleb128 0x1b
	.long	0x4f2
	.byte	0
	.uleb128 0x1c
	.long	.LASF74
	.byte	0xb
	.byte	0xf6
	.byte	0xe
	.long	0x4f2
	.long	0x62d
	.uleb128 0x1b
	.long	0x4ca
	.uleb128 0x1b
	.long	0x4ca
	.byte	0
	.uleb128 0x1d
	.long	.LASF75
	.byte	0xb
	.value	0x286
	.byte	0xf
	.long	0x19b
	.long	0x653
	.uleb128 0x1b
	.long	0x1f2
	.uleb128 0x1b
	.long	0x19b
	.uleb128 0x1b
	.long	0x19b
	.uleb128 0x1b
	.long	0x4f2
	.byte	0
	.uleb128 0x1c
	.long	.LASF76
	.byte	0xb
	.byte	0xfc
	.byte	0xe
	.long	0x4f2
	.long	0x673
	.uleb128 0x1b
	.long	0x4ca
	.uleb128 0x1b
	.long	0x4ca
	.uleb128 0x1b
	.long	0x4f2
	.byte	0
	.uleb128 0x1d
	.long	.LASF77
	.byte	0xb
	.value	0x2ac
	.byte	0xc
	.long	0x210
	.long	0x694
	.uleb128 0x1b
	.long	0x4f2
	.uleb128 0x1b
	.long	0x217
	.uleb128 0x1b
	.long	0x210
	.byte	0
	.uleb128 0x1d
	.long	.LASF78
	.byte	0xb
	.value	0x2e0
	.byte	0xc
	.long	0x210
	.long	0x6b0
	.uleb128 0x1b
	.long	0x4f2
	.uleb128 0x1b
	.long	0x6b0
	.byte	0
	.uleb128 0xd
	.byte	0x8
	.long	0x4e1
	.uleb128 0x1d
	.long	.LASF79
	.byte	0xb
	.value	0x2b1
	.byte	0x11
	.long	0x217
	.long	0x6cd
	.uleb128 0x1b
	.long	0x4f2
	.byte	0
	.uleb128 0x1d
	.long	.LASF80
	.byte	0xb
	.value	0x1e6
	.byte	0xc
	.long	0x210
	.long	0x6e4
	.uleb128 0x1b
	.long	0x4f2
	.byte	0
	.uleb128 0x1e
	.long	.LASF89
	.byte	0xb
	.value	0x1ec
	.byte	0xc
	.long	0x210
	.uleb128 0x1d
	.long	.LASF81
	.byte	0xb
	.value	0x241
	.byte	0xe
	.long	0x236
	.long	0x708
	.uleb128 0x1b
	.long	0x236
	.byte	0
	.uleb128 0x1a
	.long	.LASF83
	.byte	0xb
	.value	0x307
	.byte	0xd
	.long	0x71b
	.uleb128 0x1b
	.long	0x4ca
	.byte	0
	.uleb128 0x1c
	.long	.LASF84
	.byte	0xb
	.byte	0x92
	.byte	0xc
	.long	0x210
	.long	0x731
	.uleb128 0x1b
	.long	0x4ca
	.byte	0
	.uleb128 0x1c
	.long	.LASF85
	.byte	0xb
	.byte	0x94
	.byte	0xc
	.long	0x210
	.long	0x74c
	.uleb128 0x1b
	.long	0x4ca
	.uleb128 0x1b
	.long	0x4ca
	.byte	0
	.uleb128 0x1a
	.long	.LASF86
	.byte	0xb
	.value	0x2b6
	.byte	0xd
	.long	0x75f
	.uleb128 0x1b
	.long	0x4f2
	.byte	0
	.uleb128 0x1a
	.long	.LASF87
	.byte	0xb
	.value	0x130
	.byte	0xd
	.long	0x777
	.uleb128 0x1b
	.long	0x4f2
	.uleb128 0x1b
	.long	0x236
	.byte	0
	.uleb128 0x1d
	.long	.LASF88
	.byte	0xb
	.value	0x134
	.byte	0xc
	.long	0x210
	.long	0x79d
	.uleb128 0x1b
	.long	0x4f2
	.uleb128 0x1b
	.long	0x236
	.uleb128 0x1b
	.long	0x210
	.uleb128 0x1b
	.long	0x19b
	.byte	0
	.uleb128 0x1f
	.long	.LASF90
	.byte	0xb
	.byte	0xad
	.byte	0xe
	.long	0x4f2
	.uleb128 0x1c
	.long	.LASF91
	.byte	0xb
	.byte	0xbb
	.byte	0xe
	.long	0x236
	.long	0x7bf
	.uleb128 0x1b
	.long	0x236
	.byte	0
	.uleb128 0x1d
	.long	.LASF92
	.byte	0xb
	.value	0x27f
	.byte	0xc
	.long	0x210
	.long	0x7db
	.uleb128 0x1b
	.long	0x210
	.uleb128 0x1b
	.long	0x4f2
	.byte	0
	.uleb128 0x1d
	.long	.LASF93
	.byte	0xb
	.value	0x162
	.byte	0xc
	.long	0x210
	.long	0x7fd
	.uleb128 0x1b
	.long	0x236
	.uleb128 0x1b
	.long	0x19b
	.uleb128 0x1b
	.long	0x4ca
	.uleb128 0x20
	.byte	0
	.uleb128 0x1d
	.long	.LASF94
	.byte	0xb
	.value	0x1b0
	.byte	0xc
	.long	0x210
	.long	0x81e
	.uleb128 0x1b
	.long	0x4f2
	.uleb128 0x1b
	.long	0x4ca
	.uleb128 0x1b
	.long	0x81e
	.byte	0
	.uleb128 0xd
	.byte	0x8
	.long	0x1ae
	.uleb128 0x1d
	.long	.LASF95
	.byte	0xb
	.value	0x1b8
	.byte	0xc
	.long	0x210
	.long	0x840
	.uleb128 0x1b
	.long	0x4ca
	.uleb128 0x1b
	.long	0x81e
	.byte	0
	.uleb128 0x1d
	.long	.LASF96
	.byte	0xb
	.value	0x166
	.byte	0xc
	.long	0x210
	.long	0x866
	.uleb128 0x1b
	.long	0x236
	.uleb128 0x1b
	.long	0x19b
	.uleb128 0x1b
	.long	0x4ca
	.uleb128 0x1b
	.long	0x81e
	.byte	0
	.uleb128 0x1d
	.long	.LASF97
	.byte	0xb
	.value	0x1bc
	.byte	0xc
	.long	0x210
	.long	0x887
	.uleb128 0x1b
	.long	0x4ca
	.uleb128 0x1b
	.long	0x4ca
	.uleb128 0x1b
	.long	0x81e
	.byte	0
	.uleb128 0x21
	.long	.LASF105
	.byte	0x1
	.byte	0x2
	.byte	0x5
	.long	0x210
	.quad	.LFB0
	.quad	.LFE0-.LFB0
	.uleb128 0x1
	.byte	0x9c
	.byte	0
	.section	.debug_abbrev,"",@progbits
.Ldebug_abbrev0:
	.uleb128 0x1
	.uleb128 0x11
	.byte	0x1
	.uleb128 0x25
	.uleb128 0xe
	.uleb128 0x13
	.uleb128 0xb
	.uleb128 0x3
	.uleb128 0xe
	.uleb128 0x1b
	.uleb128 0xe
	.uleb128 0x11
	.uleb128 0x1
	.uleb128 0x12
	.uleb128 0x7
	.uleb128 0x10
	.uleb128 0x17
	.byte	0
	.byte	0
	.uleb128 0x2
	.uleb128 0x39
	.byte	0x1
	.uleb128 0x3
	.uleb128 0x8
	.uleb128 0x3a
	.uleb128 0xb
	.uleb128 0x3b
	.uleb128 0xb
	.uleb128 0x1
	.uleb128 0x13
	.byte	0
	.byte	0
	.uleb128 0x3
	.uleb128 0x39
	.byte	0
	.uleb128 0x3
	.uleb128 0xe
	.uleb128 0x3a
	.uleb128 0xb
	.uleb128 0x3b
	.uleb128 0x5
	.uleb128 0x39
	.uleb128 0xb
	.uleb128 0x89
	.uleb128 0x19
	.byte	0
	.byte	0
	.uleb128 0x4
	.uleb128 0x3a
	.byte	0
	.uleb128 0x3a
	.uleb128 0xb
	.uleb128 0x3b
	.uleb128 0x5
	.uleb128 0x39
	.uleb128 0xb
	.uleb128 0x18
	.uleb128 0x13
	.byte	0
	.byte	0
	.uleb128 0x5
	.uleb128 0x8
	.byte	0
	.uleb128 0x3a
	.uleb128 0xb
	.uleb128 0x3b
	.uleb128 0xb
	.uleb128 0x39
	.uleb128 0xb
	.uleb128 0x18
	.uleb128 0x13
	.byte	0
	.byte	0
	.uleb128 0x6
	.uleb128 0x39
	.byte	0x1
	.uleb128 0x3
	.uleb128 0xe
	.uleb128 0x3a
	.uleb128 0xb
	.uleb128 0x3b
	.uleb128 0x5
	.uleb128 0x39
	.uleb128 0xb
	.uleb128 0x1
	.uleb128 0x13
	.byte	0
	.byte	0
	.uleb128 0x7
	.uleb128 0x16
	.byte	0
	.uleb128 0x3
	.uleb128 0xe
	.uleb128 0x3a
	.uleb128 0xb
	.uleb128 0x3b
	.uleb128 0xb
	.uleb128 0x39
	.uleb128 0xb
	.uleb128 0x49
	.uleb128 0x13
	.byte	0
	.byte	0
	.uleb128 0x8
	.uleb128 0x24
	.byte	0
	.uleb128 0xb
	.uleb128 0xb
	.uleb128 0x3e
	.uleb128 0xb
	.uleb128 0x3
	.uleb128 0xe
	.byte	0
	.byte	0
	.uleb128 0x9
	.uleb128 0x13
	.byte	0x1
	.uleb128 0x3
	.uleb128 0xe
	.uleb128 0xb
	.uleb128 0xb
	.uleb128 0x3a
	.uleb128 0xb
	.uleb128 0x3b
	.uleb128 0xb
	.uleb128 0x1
	.uleb128 0x13
	.byte	0
	.byte	0
	.uleb128 0xa
	.uleb128 0xd
	.byte	0
	.uleb128 0x3
	.uleb128 0xe
	.uleb128 0x3a
	.uleb128 0xb
	.uleb128 0x3b
	.uleb128 0xb
	.uleb128 0x49
	.uleb128 0x13
	.uleb128 0x38
	.uleb128 0xb
	.byte	0
	.byte	0
	.uleb128 0xb
	.uleb128 0xf
	.byte	0
	.uleb128 0xb
	.uleb128 0xb
	.byte	0
	.byte	0
	.uleb128 0xc
	.uleb128 0x24
	.byte	0
	.uleb128 0xb
	.uleb128 0xb
	.uleb128 0x3e
	.uleb128 0xb
	.uleb128 0x3
	.uleb128 0x8
	.byte	0
	.byte	0
	.uleb128 0xd
	.uleb128 0xf
	.byte	0
	.uleb128 0xb
	.uleb128 0xb
	.uleb128 0x49
	.uleb128 0x13
	.byte	0
	.byte	0
	.uleb128 0xe
	.uleb128 0x26
	.byte	0
	.uleb128 0x49
	.uleb128 0x13
	.byte	0
	.byte	0
	.uleb128 0xf
	.uleb128 0x13
	.byte	0x1
	.uleb128 0xb
	.uleb128 0xb
	.uleb128 0x3a
	.uleb128 0xb
	.uleb128 0x3b
	.uleb128 0xb
	.uleb128 0x39
	.uleb128 0xb
	.uleb128 0x6e
	.uleb128 0xe
	.uleb128 0x1
	.uleb128 0x13
	.byte	0
	.byte	0
	.uleb128 0x10
	.uleb128 0x17
	.byte	0x1
	.uleb128 0xb
	.uleb128 0xb
	.uleb128 0x3a
	.uleb128 0xb
	.uleb128 0x3b
	.uleb128 0xb
	.uleb128 0x39
	.uleb128 0xb
	.uleb128 0x1
	.uleb128 0x13
	.byte	0
	.byte	0
	.uleb128 0x11
	.uleb128 0xd
	.byte	0
	.uleb128 0x3
	.uleb128 0xe
	.uleb128 0x3a
	.uleb128 0xb
	.uleb128 0x3b
	.uleb128 0xb
	.uleb128 0x39
	.uleb128 0xb
	.uleb128 0x49
	.uleb128 0x13
	.byte	0
	.byte	0
	.uleb128 0x12
	.uleb128 0xd
	.byte	0
	.uleb128 0x3
	.uleb128 0xe
	.uleb128 0x3a
	.uleb128 0xb
	.uleb128 0x3b
	.uleb128 0xb
	.uleb128 0x39
	.uleb128 0xb
	.uleb128 0x49
	.uleb128 0x13
	.uleb128 0x38
	.uleb128 0xb
	.byte	0
	.byte	0
	.uleb128 0x13
	.uleb128 0x1
	.byte	0x1
	.uleb128 0x49
	.uleb128 0x13
	.uleb128 0x1
	.uleb128 0x13
	.byte	0
	.byte	0
	.uleb128 0x14
	.uleb128 0x21
	.byte	0
	.uleb128 0x49
	.uleb128 0x13
	.uleb128 0x2f
	.uleb128 0xb
	.byte	0
	.byte	0
	.uleb128 0x15
	.uleb128 0x13
	.byte	0x1
	.uleb128 0x3
	.uleb128 0xe
	.uleb128 0xb
	.uleb128 0xb
	.uleb128 0x3a
	.uleb128 0xb
	.uleb128 0x3b
	.uleb128 0xb
	.uleb128 0x39
	.uleb128 0xb
	.uleb128 0x1
	.uleb128 0x13
	.byte	0
	.byte	0
	.uleb128 0x16
	.uleb128 0x16
	.byte	0
	.uleb128 0x3
	.uleb128 0xe
	.uleb128 0x3a
	.uleb128 0xb
	.uleb128 0x3b
	.uleb128 0xb
	.uleb128 0x39
	.uleb128 0xb
	.byte	0
	.byte	0
	.uleb128 0x17
	.uleb128 0x13
	.byte	0
	.uleb128 0x3
	.uleb128 0xe
	.uleb128 0x3c
	.uleb128 0x19
	.byte	0
	.byte	0
	.uleb128 0x18
	.uleb128 0x34
	.byte	0
	.uleb128 0x3
	.uleb128 0xe
	.uleb128 0x3a
	.uleb128 0xb
	.uleb128 0x3b
	.uleb128 0xb
	.uleb128 0x39
	.uleb128 0xb
	.uleb128 0x49
	.uleb128 0x13
	.uleb128 0x3f
	.uleb128 0x19
	.uleb128 0x3c
	.uleb128 0x19
	.byte	0
	.byte	0
	.uleb128 0x19
	.uleb128 0x21
	.byte	0
	.byte	0
	.byte	0
	.uleb128 0x1a
	.uleb128 0x2e
	.byte	0x1
	.uleb128 0x3f
	.uleb128 0x19
	.uleb128 0x3
	.uleb128 0xe
	.uleb128 0x3a
	.uleb128 0xb
	.uleb128 0x3b
	.uleb128 0x5
	.uleb128 0x39
	.uleb128 0xb
	.uleb128 0x3c
	.uleb128 0x19
	.uleb128 0x1
	.uleb128 0x13
	.byte	0
	.byte	0
	.uleb128 0x1b
	.uleb128 0x5
	.byte	0
	.uleb128 0x49
	.uleb128 0x13
	.byte	0
	.byte	0
	.uleb128 0x1c
	.uleb128 0x2e
	.byte	0x1
	.uleb128 0x3f
	.uleb128 0x19
	.uleb128 0x3
	.uleb128 0xe
	.uleb128 0x3a
	.uleb128 0xb
	.uleb128 0x3b
	.uleb128 0xb
	.uleb128 0x39
	.uleb128 0xb
	.uleb128 0x49
	.uleb128 0x13
	.uleb128 0x3c
	.uleb128 0x19
	.uleb128 0x1
	.uleb128 0x13
	.byte	0
	.byte	0
	.uleb128 0x1d
	.uleb128 0x2e
	.byte	0x1
	.uleb128 0x3f
	.uleb128 0x19
	.uleb128 0x3
	.uleb128 0xe
	.uleb128 0x3a
	.uleb128 0xb
	.uleb128 0x3b
	.uleb128 0x5
	.uleb128 0x39
	.uleb128 0xb
	.uleb128 0x49
	.uleb128 0x13
	.uleb128 0x3c
	.uleb128 0x19
	.uleb128 0x1
	.uleb128 0x13
	.byte	0
	.byte	0
	.uleb128 0x1e
	.uleb128 0x2e
	.byte	0
	.uleb128 0x3f
	.uleb128 0x19
	.uleb128 0x3
	.uleb128 0xe
	.uleb128 0x3a
	.uleb128 0xb
	.uleb128 0x3b
	.uleb128 0x5
	.uleb128 0x39
	.uleb128 0xb
	.uleb128 0x49
	.uleb128 0x13
	.uleb128 0x3c
	.uleb128 0x19
	.byte	0
	.byte	0
	.uleb128 0x1f
	.uleb128 0x2e
	.byte	0
	.uleb128 0x3f
	.uleb128 0x19
	.uleb128 0x3
	.uleb128 0xe
	.uleb128 0x3a
	.uleb128 0xb
	.uleb128 0x3b
	.uleb128 0xb
	.uleb128 0x39
	.uleb128 0xb
	.uleb128 0x49
	.uleb128 0x13
	.uleb128 0x3c
	.uleb128 0x19
	.byte	0
	.byte	0
	.uleb128 0x20
	.uleb128 0x18
	.byte	0
	.byte	0
	.byte	0
	.uleb128 0x21
	.uleb128 0x2e
	.byte	0
	.uleb128 0x3f
	.uleb128 0x19
	.uleb128 0x3
	.uleb128 0xe
	.uleb128 0x3a
	.uleb128 0xb
	.uleb128 0x3b
	.uleb128 0xb
	.uleb128 0x39
	.uleb128 0xb
	.uleb128 0x49
	.uleb128 0x13
	.uleb128 0x11
	.uleb128 0x1
	.uleb128 0x12
	.uleb128 0x7
	.uleb128 0x40
	.uleb128 0x18
	.uleb128 0x2116
	.uleb128 0x19
	.byte	0
	.byte	0
	.byte	0
	.section	.debug_aranges,"",@progbits
	.long	0x2c
	.value	0x2
	.long	.Ldebug_info0
	.byte	0x8
	.byte	0
	.value	0
	.value	0
	.quad	.Ltext0
	.quad	.Letext0-.Ltext0
	.quad	0
	.quad	0
	.section	.debug_line,"",@progbits
.Ldebug_line0:
	.section	.debug_str,"MS",@progbits,1
.LASF13:
	.string	"__off_t"
.LASF27:
	.string	"_IO_read_ptr"
.LASF39:
	.string	"_chain"
.LASF12:
	.string	"size_t"
.LASF0:
	.string	"__cxx11"
.LASF45:
	.string	"_shortbuf"
.LASF1:
	.string	"gp_offset"
.LASF100:
	.string	"/mnt/d/Universidad/L2/poo/tp1"
.LASF33:
	.string	"_IO_buf_base"
.LASF97:
	.string	"vsscanf"
.LASF84:
	.string	"remove"
.LASF20:
	.string	"__mbstate_t"
.LASF48:
	.string	"_codecvt"
.LASF77:
	.string	"fseek"
.LASF9:
	.string	"signed char"
.LASF96:
	.string	"vsnprintf"
.LASF40:
	.string	"_fileno"
.LASF28:
	.string	"_IO_read_end"
.LASF95:
	.string	"vscanf"
.LASF11:
	.string	"long int"
.LASF26:
	.string	"_flags"
.LASF34:
	.string	"_IO_buf_end"
.LASF43:
	.string	"_cur_column"
.LASF57:
	.string	"_IO_codecvt"
.LASF66:
	.string	"_sys_errlist"
.LASF91:
	.string	"tmpnam"
.LASF42:
	.string	"_old_offset"
.LASF47:
	.string	"_offset"
.LASF85:
	.string	"rename"
.LASF24:
	.string	"_G_fpos_t"
.LASF21:
	.string	"__pos"
.LASF94:
	.string	"vfscanf"
.LASF56:
	.string	"_IO_marker"
.LASF60:
	.string	"stdin"
.LASF6:
	.string	"unsigned int"
.LASF17:
	.string	"__wchb"
.LASF80:
	.string	"getc"
.LASF3:
	.string	"overflow_arg_area"
.LASF5:
	.string	"long unsigned int"
.LASF69:
	.string	"ferror"
.LASF102:
	.string	"typedef __va_list_tag __va_list_tag"
.LASF31:
	.string	"_IO_write_ptr"
.LASF81:
	.string	"gets"
.LASF63:
	.string	"sys_nerr"
.LASF8:
	.string	"short unsigned int"
.LASF35:
	.string	"_IO_save_base"
.LASF16:
	.string	"__wch"
.LASF71:
	.string	"fgetc"
.LASF76:
	.string	"freopen"
.LASF98:
	.string	"GNU C++98 9.3.0 -mtune=generic -march=x86-64 -g -std=c++98 -fasynchronous-unwind-tables -fstack-protector-strong -fstack-clash-protection -fcf-protection"
.LASF46:
	.string	"_lock"
.LASF99:
	.string	"hello-world.cpp"
.LASF41:
	.string	"_flags2"
.LASF53:
	.string	"_mode"
.LASF73:
	.string	"fgets"
.LASF61:
	.string	"stdout"
.LASF83:
	.string	"perror"
.LASF82:
	.string	"clearerr"
.LASF32:
	.string	"_IO_write_end"
.LASF92:
	.string	"ungetc"
.LASF104:
	.string	"_IO_lock_t"
.LASF25:
	.string	"_IO_FILE"
.LASF87:
	.string	"setbuf"
.LASF23:
	.string	"__fpos_t"
.LASF74:
	.string	"fopen"
.LASF64:
	.string	"sys_errlist"
.LASF70:
	.string	"fflush"
.LASF38:
	.string	"_markers"
.LASF22:
	.string	"__state"
.LASF7:
	.string	"unsigned char"
.LASF10:
	.string	"short int"
.LASF58:
	.string	"_IO_wide_data"
.LASF65:
	.string	"_sys_nerr"
.LASF44:
	.string	"_vtable_offset"
.LASF55:
	.string	"FILE"
.LASF4:
	.string	"reg_save_area"
.LASF75:
	.string	"fread"
.LASF18:
	.string	"__count"
.LASF19:
	.string	"__value"
.LASF15:
	.string	"char"
.LASF59:
	.string	"fpos_t"
.LASF78:
	.string	"fsetpos"
.LASF68:
	.string	"feof"
.LASF90:
	.string	"tmpfile"
.LASF67:
	.string	"fclose"
.LASF14:
	.string	"__off64_t"
.LASF29:
	.string	"_IO_read_base"
.LASF37:
	.string	"_IO_save_end"
.LASF93:
	.string	"snprintf"
.LASF89:
	.string	"getchar"
.LASF52:
	.string	"__pad5"
.LASF103:
	.string	"11__mbstate_t"
.LASF54:
	.string	"_unused2"
.LASF62:
	.string	"stderr"
.LASF51:
	.string	"_freeres_buf"
.LASF36:
	.string	"_IO_backup_base"
.LASF2:
	.string	"fp_offset"
.LASF88:
	.string	"setvbuf"
.LASF50:
	.string	"_freeres_list"
.LASF86:
	.string	"rewind"
.LASF49:
	.string	"_wide_data"
.LASF79:
	.string	"ftell"
.LASF72:
	.string	"fgetpos"
.LASF105:
	.string	"main"
.LASF30:
	.string	"_IO_write_base"
.LASF101:
	.string	"__gnu_cxx"
	.ident	"GCC: (Ubuntu 9.3.0-10ubuntu2) 9.3.0"
	.section	.note.GNU-stack,"",@progbits
	.section	.note.gnu.property,"a"
	.align 8
	.long	 1f - 0f
	.long	 4f - 1f
	.long	 5
0:
	.string	 "GNU"
1:
	.align 8
	.long	 0xc0000002
	.long	 3f - 2f
2:
	.long	 0x3
3:
	.align 8
4:
